<?xml version="1.0" encoding="UTF-8"?>
<testsuite name="codigo.Demo" tests="1" skipped="0" failures="0" errors="0" timestamp="2023-11-29T20:53:19" hostname="NBEX69X06" time="31.724">
  <properties/>
  <testcase name="CP005_Contactenos()" classname="codigo.Demo" time="31.724"/>
  <system-out><![CDATA[]]></system-out>
  <system-err><![CDATA[Starting ChromeDriver 119.0.6045.105 (38c72552c5e15ba9b3117c0967a0fd105072d7c6-refs/branch-heads/6045@{#1103}) on port 1663
Only local connections are allowed.
Please see https://chromedriver.chromium.org/security-considerations for suggestions on keeping ChromeDriver safe.
ChromeDriver was started successfully.
nov 29, 2023 5:53:21 PM org.openqa.selenium.remote.ProtocolHandshake createSession
INFORMACIÓN: Detected dialect: W3C
]]></system-err>
</testsuite>
